OK m2-hippodrome https://storage.googleapis.com/bd-ge-01/buildings-v2/1280x960/29188.jpg
FAIL anagi-m3-saburtalo
FAIL gumbati-villa-kokhta-mitarbi
SAME gumbati-vake-residence
SAME white-square-mindeli
SAME archi-dighomi
SAME axis-palace
SAME axis-towers-vake
FAIL downtown-residence
FAIL metropol-lisi
FAIL metropol-shindisi
FAIL livin-dadiani-263
OK anagi-police-city https://anagi.ge/uploads/projects/692d856490444.jpg
FAIL symbol-residences
OK horizon-premium-hotel https://static.tildacdn.net/tild6437-6162-4561-b132-623063646465/Horizon_Grand_Reside.jpg
FAIL solana-beach-residence
FAIL gulfstream-seaview
FAIL reside-riverside
FAIL build-group-ketevan-74
FAIL royal-didube-tower
FAIL royal-bohema-residence
FAIL forms-tsatskhvebi-3-14
FAIL nexus-residence-vakhtang
FAIL tower-gelovani
FAIL gbg-andronikashvili
OK ambassadori-island-first-tower https://static.tildacdn.com/tild6366-6237-4265-b133-643930343066/8yoiwh2a1920x1080w.png
OK orbi-marjanishvili https://orbi.ge/storage/seo_image/351/tBcFzpGaRHlOe84Yn2woeDg24McOlyv9bgoWjNDs.png
OK axis-tsinamdzghvrishvili-125 https://www.axis.ge/img/logo.jpg
