FAIL downtown-residence
OK batumi-riviera-tower https://storage.googleapis.com/bd-ge-01/buildings-v2/1280x960/20749.jpg
FAIL anagi-m3-saburtalo
FAIL gumbati-villa-kokhta-mitarbi
FAIL solana-beach-residence
FAIL gulfstream-seaview
FAIL build-group-ketevan-74
FAIL royal-didube-tower
FAIL royal-bohema-residence
FAIL forms-tsatskhvebi-3-14
FAIL nexus-residence-vakhtang
FAIL tower-gelovani
OK omnia-isani https://storage.googleapis.com/bd-ge-01/buildings-v2/1280x960/35495.jpg
FAIL reside-riverside
OK archi-dighomi https://storage.googleapis.com/bd-ge-01/buildings-v2/1280x960/26607.jpg
OK archi-dighomi-3 https://storage.googleapis.com/bd-ge-01/buildings-v2/1280x960/38699.jpg
OK axis-towers-vake https://storage.googleapis.com/bd-ge-01/buildings-v2/1280x960/27831.jpg
SAME axis-towers
OK axis-palace https://storage.googleapis.com/bd-ge-01/buildings-v2/1280x960/637.jpg
FAIL m2-hippodrome
FAIL metropol-lisi
FAIL anagi-police-city
FAIL horizon-premium-hotel
FAIL symbol-residences
FAIL metropol-shindisi
FAIL gbg-andronikashvili
FAIL livin-dadiani-263
OK archi-nutsubidze https://storage.googleapis.com/bd-ge-01/buildings-v2/1280x960/19444.jpg
OK archi-nutsubidze-2 https://storage.googleapis.com/bd-ge-01/buildings-v2/1280x960/38755.jpg
OK white-square-shartava https://storage.googleapis.com/bd-ge-01/buildings-v2/1280x960/13663.jpg
SAME white-square-mindeli
OK sport-city-batumi https://storage.googleapis.com/bd-ge-01/buildings-v2/1280x960/38457.jpg
SAME monolith-dighomi-city
FAIL ambassadori-island-first-tower
SAME ambassadori-batumi-island
OK axis-palace-2 https://storage.googleapis.com/bd-ge-01/buildings-v2/1280x960/2616.jpg
OK axis-palace-1 https://storage.googleapis.com/bd-ge-01/buildings-v2/1280x960/637.jpg
OK axis-avlabari https://storage.googleapis.com/bd-ge-01/buildings-v2/1280x960/32520.jpg
OK axis-chavchavadze-49 https://storage.googleapis.com/bd-ge-01/buildings-v2/1280x960/633.jpg
FAIL axis-tsinamdzghvrishvili-125
OK axis-hippodrome https://storage.googleapis.com/bd-ge-01/buildings-v2/1280x960/29194.jpg
OK white-square-varketili-5 https://storage.googleapis.com/bd-ge-01/buildings-v2/1280x960/36544.jpg
OK white-square-varketili-2 https://storage.googleapis.com/bd-ge-01/buildings-v2/1280x960/23039.jpg
FAIL orbi-marjanishvili
SAME orbi-marjanishvili-batumi
